This is pdfTeX, Version 3.141592653-2.6-1.40.25 (TeX Live 2023) (preloaded format=pdflatex 2024.2.3)  9 DEC 2024 15:56
entering extended mode
 restricted \write18 enabled.
 file:line:error style messages enabled.
 %&-line parsing enabled.
**template
(./template.tex
LaTeX2e <2022-11-01> patch level 1
L3 programming layer <2023-02-22> (d:/texlive/2023/texmf-dist/tex/latex/base/article.cls
Document Class: article 2022/07/02 v1.4n Standard LaTeX document class
(d:/texlive/2023/texmf-dist/tex/latex/base/size10.clo
File: size10.clo 2022/07/02 v1.4n Standard LaTeX file (size option)
)
\c@part=\count185
\c@section=\count186
\c@subsection=\count187
\c@subsubsection=\count188
\c@paragraph=\count189
\c@subparagraph=\count190
\c@figure=\count191
\c@table=\count192
\abovecaptionskip=\skip48
\belowcaptionskip=\skip49
\bibindent=\dimen140
) (./arxiv.sty (d:/texlive/2023/texmf-dist/tex/latex/geometry/geometry.sty
Package: geometry 2020/01/02 v5.9 Page Geometry
 (d:/texlive/2023/texmf-dist/tex/latex/graphics/keyval.sty
Package: keyval 2022/05/29 v1.15 key=value parser (DPC)
\KV@toks@=\toks16
) (d:/texlive/2023/texmf-dist/tex/generic/iftex/ifvtex.sty
Package: ifvtex 2019/10/25 v1.7 ifvtex legacy package. Use iftex instead.
 (d:/texlive/2023/texmf-dist/tex/generic/iftex/iftex.sty
Package: iftex 2022/02/03 v1.0f TeX engine tests
))
\Gm@cnth=\count193
\Gm@cntv=\count194
\c@Gm@tempcnt=\count195
\Gm@bindingoffset=\dimen141
\Gm@wd@mp=\dimen142
\Gm@odd@mp=\dimen143
\Gm@even@mp=\dimen144
\Gm@layoutwidth=\dimen145
\Gm@layoutheight=\dimen146
\Gm@layouthoffset=\dimen147
\Gm@layoutvoffset=\dimen148
\Gm@dimlist=\toks17
) (d:/texlive/2023/texmf-dist/tex/latex/fancyhdr/fancyhdr.sty
Package: fancyhdr 2022/11/09 v4.1 Extensive control of page headers and footers
\f@nch@headwidth=\skip50
\f@nch@O@elh=\skip51
\f@nch@O@erh=\skip52
\f@nch@O@olh=\skip53
\f@nch@O@orh=\skip54
\f@nch@O@elf=\skip55
\f@nch@O@erf=\skip56
\f@nch@O@olf=\skip57
\f@nch@O@orf=\skip58
)
\@abovecaptionskip=\skip59
\@belowcaptionskip=\skip60
) (d:/texlive/2023/texmf-dist/tex/latex/base/inputenc.sty
Package: inputenc 2021/02/14 v1.3d Input encoding file
\inpenc@prehook=\toks18
\inpenc@posthook=\toks19
) (d:/texlive/2023/texmf-dist/tex/latex/base/fontenc.sty
Package: fontenc 2021/04/29 v2.0v Standard LaTeX package
LaTeX Font Info:    Trying to load font information for T1+ptm on input line 112.
 (d:/texlive/2023/texmf-dist/tex/latex/psnfss/t1ptm.fd
File: t1ptm.fd 2001/06/04 font definitions for T1/ptm.
)) (d:/texlive/2023/texmf-dist/tex/latex/hyperref/hyperref.sty
Package: hyperref 2023-02-07 v7.00v Hypertext links for LaTeX
 (d:/texlive/2023/texmf-dist/tex/generic/ltxcmds/ltxcmds.sty
Package: ltxcmds 2020-05-10 v1.25 LaTeX kernel commands for general use (HO)
) (d:/texlive/2023/texmf-dist/tex/generic/pdftexcmds/pdftexcmds.sty
Package: pdftexcmds 2020-06-27 v0.33 Utility functions of pdfTeX for LuaTeX (HO)
 (d:/texlive/2023/texmf-dist/tex/generic/infwarerr/infwarerr.sty
Package: infwarerr 2019/12/03 v1.5 Providing info/warning/error messages (HO)
)
Package pdftexcmds Info: \pdf@primitive is available.
Package pdftexcmds Info: \pdf@ifprimitive is available.
Package pdftexcmds Info: \pdfdraftmode found.
) (d:/texlive/2023/texmf-dist/tex/latex/kvsetkeys/kvsetkeys.sty
Package: kvsetkeys 2022-10-05 v1.19 Key value parser (HO)
) (d:/texlive/2023/texmf-dist/tex/generic/kvdefinekeys/kvdefinekeys.sty
Package: kvdefinekeys 2019-12-19 v1.6 Define keys (HO)
) (d:/texlive/2023/texmf-dist/tex/generic/pdfescape/pdfescape.sty
Package: pdfescape 2019/12/09 v1.15 Implements pdfTeX's escape features (HO)
) (d:/texlive/2023/texmf-dist/tex/latex/hycolor/hycolor.sty
Package: hycolor 2020-01-27 v1.10 Color options for hyperref/bookmark (HO)
) (d:/texlive/2023/texmf-dist/tex/latex/letltxmacro/letltxmacro.sty
Package: letltxmacro 2019/12/03 v1.6 Let assignment for LaTeX macros (HO)
) (d:/texlive/2023/texmf-dist/tex/latex/auxhook/auxhook.sty
Package: auxhook 2019-12-17 v1.6 Hooks for auxiliary files (HO)
) (d:/texlive/2023/texmf-dist/tex/latex/hyperref/nameref.sty
Package: nameref 2022-05-17 v2.50 Cross-referencing by name of section
 (d:/texlive/2023/texmf-dist/tex/latex/refcount/refcount.sty
Package: refcount 2019/12/15 v3.6 Data extraction from label references (HO)
) (d:/texlive/2023/texmf-dist/tex/generic/gettitlestring/gettitlestring.sty
Package: gettitlestring 2019/12/15 v1.6 Cleanup title references (HO)
 (d:/texlive/2023/texmf-dist/tex/latex/kvoptions/kvoptions.sty
Package: kvoptions 2022-06-15 v3.15 Key value format for package options (HO)
))
\c@section@level=\count196
)
\@linkdim=\dimen149
\Hy@linkcounter=\count197
\Hy@pagecounter=\count198
 (d:/texlive/2023/texmf-dist/tex/latex/hyperref/pd1enc.def
File: pd1enc.def 2023-02-07 v7.00v Hyperref: PDFDocEncoding definition (HO)
Now handling font encoding PD1 ...
... no UTF-8 mapping file for font encoding PD1
) (d:/texlive/2023/texmf-dist/tex/generic/intcalc/intcalc.sty
Package: intcalc 2019/12/15 v1.3 Expandable calculations with integers (HO)
) (d:/texlive/2023/texmf-dist/tex/generic/etexcmds/etexcmds.sty
Package: etexcmds 2019/12/15 v1.7 Avoid name clashes with e-TeX commands (HO)
)
\Hy@SavedSpaceFactor=\count199
 (d:/texlive/2023/texmf-dist/tex/latex/hyperref/puenc.def
File: puenc.def 2023-02-07 v7.00v Hyperref: PDF Unicode definition (HO)
Now handling font encoding PU ...
... no UTF-8 mapping file for font encoding PU
)
Package hyperref Info: Hyper figures OFF on input line 4177.
Package hyperref Info: Link nesting OFF on input line 4182.
Package hyperref Info: Hyper index ON on input line 4185.
Package hyperref Info: Plain pages OFF on input line 4192.
Package hyperref Info: Backreferencing OFF on input line 4197.
Package hyperref Info: Implicit mode ON; LaTeX internals redefined.
Package hyperref Info: Bookmarks ON on input line 4425.
\c@Hy@tempcnt=\count266
 (d:/texlive/2023/texmf-dist/tex/latex/url/url.sty
\Urlmuskip=\muskip16
Package: url 2013/09/16  ver 3.4  Verb mode for urls, etc.
)
LaTeX Info: Redefining \url on input line 4763.
\XeTeXLinkMargin=\dimen150
 (d:/texlive/2023/texmf-dist/tex/generic/bitset/bitset.sty
Package: bitset 2019/12/09 v1.3 Handle bit-vector datatype (HO)
 (d:/texlive/2023/texmf-dist/tex/generic/bigintcalc/bigintcalc.sty
Package: bigintcalc 2019/12/15 v1.5 Expandable calculations on big integers (HO)
))
\Fld@menulength=\count267
\Field@Width=\dimen151
\Fld@charsize=\dimen152
Package hyperref Info: Hyper figures OFF on input line 6042.
Package hyperref Info: Link nesting OFF on input line 6047.
Package hyperref Info: Hyper index ON on input line 6050.
Package hyperref Info: backreferencing OFF on input line 6057.
Package hyperref Info: Link coloring OFF on input line 6062.
Package hyperref Info: Link coloring with OCG OFF on input line 6067.
Package hyperref Info: PDF/A mode OFF on input line 6072.
 (d:/texlive/2023/texmf-dist/tex/latex/base/atbegshi-ltx.sty
Package: atbegshi-ltx 2021/01/10 v1.0c Emulation of the original atbegshi
package with kernel methods
)
\Hy@abspage=\count268
\c@Item=\count269
\c@Hfootnote=\count270
)
Package hyperref Info: Driver (autodetected): hpdftex.
 (d:/texlive/2023/texmf-dist/tex/latex/hyperref/hpdftex.def
File: hpdftex.def 2023-02-07 v7.00v Hyperref driver for pdfTeX
 (d:/texlive/2023/texmf-dist/tex/latex/base/atveryend-ltx.sty
Package: atveryend-ltx 2020/08/19 v1.0a Emulation of the original atveryend package
with kernel methods
)
\Fld@listcount=\count271
\c@bookmark@seq@number=\count272
 (d:/texlive/2023/texmf-dist/tex/latex/rerunfilecheck/rerunfilecheck.sty
Package: rerunfilecheck 2022-07-10 v1.10 Rerun checks for auxiliary files (HO)
 (d:/texlive/2023/texmf-dist/tex/generic/uniquecounter/uniquecounter.sty
Package: uniquecounter 2019/12/15 v1.4 Provide unlimited unique counter (HO)
)
Package uniquecounter Info: New unique counter `rerunfilecheck' on input line 285.
)
\Hy@SectionHShift=\skip61
) (d:/texlive/2023/texmf-dist/tex/latex/booktabs/booktabs.sty
Package: booktabs 2020/01/12 v1.61803398 Publication quality tables
\heavyrulewidth=\dimen153
\lightrulewidth=\dimen154
\cmidrulewidth=\dimen155
\belowrulesep=\dimen156
\belowbottomsep=\dimen157
\aboverulesep=\dimen158
\abovetopsep=\dimen159
\cmidrulesep=\dimen160
\cmidrulekern=\dimen161
\defaultaddspace=\dimen162
\@cmidla=\count273
\@cmidlb=\count274
\@aboverulesep=\dimen163
\@belowrulesep=\dimen164
\@thisruleclass=\count275
\@lastruleclass=\count276
\@thisrulewidth=\dimen165
) (d:/texlive/2023/texmf-dist/tex/latex/amsfonts/amsfonts.sty
Package: amsfonts 2013/01/14 v3.01 Basic AMSFonts support
\@emptytoks=\toks20
\symAMSa=\mathgroup4
\symAMSb=\mathgroup5
LaTeX Font Info:    Redeclaring math symbol \hbar on input line 98.
LaTeX Font Info:    Overwriting math alphabet `\mathfrak' in version `bold'
(Font)                  U/euf/m/n --> U/euf/b/n on input line 106.
) (d:/texlive/2023/texmf-dist/tex/latex/units/nicefrac.sty
Package: nicefrac 1998/08/04 v0.9b Nice fractions
\L@UnitsRaiseDisplaystyle=\skip62
\L@UnitsRaiseTextstyle=\skip63
\L@UnitsRaiseScriptstyle=\skip64
 (d:/texlive/2023/texmf-dist/tex/latex/base/ifthen.sty
Package: ifthen 2022/04/13 v1.1d Standard LaTeX ifthen package (DPC)
)) (d:/texlive/2023/texmf-dist/tex/latex/microtype/microtype.sty
Package: microtype 2023/03/13 v3.1a Micro-typographical refinements (RS)
 (d:/texlive/2023/texmf-dist/tex/latex/etoolbox/etoolbox.sty
Package: etoolbox 2020/10/05 v2.5k e-TeX tools for LaTeX (JAW)
\etb@tempcnta=\count277
)
\MT@toks=\toks21
\MT@tempbox=\box51
\MT@count=\count278
LaTeX Info: Redefining \noprotrusionifhmode on input line 1059.
LaTeX Info: Redefining \leftprotrusion on input line 1060.
\MT@prot@toks=\toks22
LaTeX Info: Redefining \rightprotrusion on input line 1078.
LaTeX Info: Redefining \textls on input line 1368.
\MT@outer@kern=\dimen166
LaTeX Info: Redefining \textmicrotypecontext on input line 1988.
\MT@listname@count=\count279
 (d:/texlive/2023/texmf-dist/tex/latex/microtype/microtype-pdftex.def
File: microtype-pdftex.def 2023/03/13 v3.1a Definitions specific to pdftex (RS)
LaTeX Info: Redefining \lsstyle on input line 902.
LaTeX Info: Redefining \lslig on input line 902.
\MT@outer@space=\skip65
)
Package microtype Info: Loading configuration file microtype.cfg.
 (d:/texlive/2023/texmf-dist/tex/latex/microtype/microtype.cfg
File: microtype.cfg 2023/03/13 v3.1a microtype main configuration file (RS)
)) (d:/texlive/2023/texmf-dist/tex/latex/graphics/graphicx.sty
Package: graphicx 2021/09/16 v1.2d Enhanced LaTeX Graphics (DPC,SPQR)
 (d:/texlive/2023/texmf-dist/tex/latex/graphics/graphics.sty
Package: graphics 2022/03/10 v1.4e Standard LaTeX Graphics (DPC,SPQR)
 (d:/texlive/2023/texmf-dist/tex/latex/graphics/trig.sty
Package: trig 2021/08/11 v1.11 sin cos tan (DPC)
) (d:/texlive/2023/texmf-dist/tex/latex/graphics-cfg/graphics.cfg
File: graphics.cfg 2016/06/04 v1.11 sample graphics configuration
)
Package graphics Info: Driver file: pdftex.def on input line 107.
 (d:/texlive/2023/texmf-dist/tex/latex/graphics-def/pdftex.def
File: pdftex.def 2022/09/22 v1.2b Graphics/color driver for pdftex
))
\Gin@req@height=\dimen167
\Gin@req@width=\dimen168
) (d:/texlive/2023/texmf-dist/tex/latex/natbib/natbib.sty
Package: natbib 2010/09/13 8.31b (PWD, AO)
\bibhang=\skip66
\bibsep=\skip67
LaTeX Info: Redefining \cite on input line 694.
\c@NAT@ctr=\count280
) (d:/texlive/2023/texmf-dist/tex/latex/amsmath/amsmath.sty
Package: amsmath 2022/04/08 v2.17n AMS math features
\@mathmargin=\skip68

For additional information on amsmath, use the `?' option.
(d:/texlive/2023/texmf-dist/tex/latex/amsmath/amstext.sty
Package: amstext 2021/08/26 v2.01 AMS text
 (d:/texlive/2023/texmf-dist/tex/latex/amsmath/amsgen.sty
File: amsgen.sty 1999/11/30 v2.0 generic functions
\@emptytoks=\toks23
\ex@=\dimen169
)) (d:/texlive/2023/texmf-dist/tex/latex/amsmath/amsbsy.sty
Package: amsbsy 1999/11/29 v1.2d Bold Symbols
\pmbraise@=\dimen170
) (d:/texlive/2023/texmf-dist/tex/latex/amsmath/amsopn.sty
Package: amsopn 2022/04/08 v2.04 operator names
)
\inf@bad=\count281
LaTeX Info: Redefining \frac on input line 234.
\uproot@=\count282
\leftroot@=\count283
LaTeX Info: Redefining \overline on input line 399.
LaTeX Info: Redefining \colon on input line 410.
\classnum@=\count284
\DOTSCASE@=\count285
LaTeX Info: Redefining \ldots on input line 496.
LaTeX Info: Redefining \dots on input line 499.
LaTeX Info: Redefining \cdots on input line 620.
\Mathstrutbox@=\box52
\strutbox@=\box53
LaTeX Info: Redefining \big on input line 722.
LaTeX Info: Redefining \Big on input line 723.
LaTeX Info: Redefining \bigg on input line 724.
LaTeX Info: Redefining \Bigg on input line 725.
\big@size=\dimen171
LaTeX Font Info:    Redeclaring font encoding OML on input line 743.
LaTeX Font Info:    Redeclaring font encoding OMS on input line 744.
\macc@depth=\count286
LaTeX Info: Redefining \bmod on input line 905.
LaTeX Info: Redefining \pmod on input line 910.
LaTeX Info: Redefining \smash on input line 940.
LaTeX Info: Redefining \relbar on input line 970.
LaTeX Info: Redefining \Relbar on input line 971.
\c@MaxMatrixCols=\count287
\dotsspace@=\muskip17
\c@parentequation=\count288
\dspbrk@lvl=\count289
\tag@help=\toks24
\row@=\count290
\column@=\count291
\maxfields@=\count292
\andhelp@=\toks25
\eqnshift@=\dimen172
\alignsep@=\dimen173
\tagshift@=\dimen174
\tagwidth@=\dimen175
\totwidth@=\dimen176
\lineht@=\dimen177
\@envbody=\toks26
\multlinegap=\skip69
\multlinetaggap=\skip70
\mathdisplay@stack=\toks27
LaTeX Info: Redefining \[ on input line 2953.
LaTeX Info: Redefining \] on input line 2954.
) (d:/texlive/2023/texmf-dist/tex/latex/algorithm2e/algorithm2e.sty
Package: algorithm2e 2017/07/18 v5.2 algorithms environments
\c@AlgoLine=\count293
\algocf@hangindent=\skip71
 (d:/texlive/2023/texmf-dist/tex/latex/ifoddpage/ifoddpage.sty
Package: ifoddpage 2022/10/18 v1.2 Conditionals for odd/even page detection
\c@checkoddpage=\count294
) (d:/texlive/2023/texmf-dist/tex/latex/tools/xspace.sty
Package: xspace 2014/10/28 v1.13 Space after command names (DPC,MH)
) (d:/texlive/2023/texmf-dist/tex/latex/relsize/relsize.sty
Package: relsize 2013/03/29 ver 4.1
)
\skiptotal=\skip72
\skiplinenumber=\skip73
\skiprule=\skip74
\skiphlne=\skip75
\skiptext=\skip76
\skiplength=\skip77
\algomargin=\skip78
\skipalgocfslide=\skip79
\algowidth=\dimen178
\inoutsize=\dimen179
\inoutindent=\dimen180
\interspacetitleruled=\dimen181
\interspacealgoruled=\dimen182
\interspacetitleboxruled=\dimen183
\algocf@ruledwidth=\skip80
\algocf@inoutbox=\box54
\algocf@inputbox=\box55
\AlCapSkip=\skip81
\AlCapHSkip=\skip82
\algoskipindent=\skip83
\algocf@nlbox=\box56
\algocf@hangingbox=\box57
\algocf@untilbox=\box58
\algocf@skipuntil=\skip84
\algocf@capbox=\box59
\algocf@lcaptionbox=\skip85
\algoheightruledefault=\skip86
\algoheightrule=\skip87
\algotitleheightruledefault=\skip88
\algotitleheightrule=\skip89
\c@algocfline=\count295
\c@algocfproc=\count296
\c@algocf=\count297
\algocf@algoframe=\box60
\algocf@algobox=\box61
) (d:/texlive/2023/texmf-dist/tex/latex/float/float.sty
Package: float 2001/11/08 v1.3d Float enhancements (AL)
\c@float@type=\count298
\float@exts=\toks28
\float@box=\box62
\@float@everytoks=\toks29
\@floatcapt=\box63
) (d:/texlive/2023/texmf-dist/tex/latex/listings/listings.sty
\lst@mode=\count299
\lst@gtempboxa=\box64
\lst@token=\toks30
\lst@length=\count300
\lst@currlwidth=\dimen184
\lst@column=\count301
\lst@pos=\count302
\lst@lostspace=\dimen185
\lst@width=\dimen186
\lst@newlines=\count303
\lst@lineno=\count304
\lst@maxwidth=\dimen187
 (d:/texlive/2023/texmf-dist/tex/latex/listings/lstmisc.sty
File: lstmisc.sty 2023/02/27 1.9 (Carsten Heinz)
\c@lstnumber=\count305
\lst@skipnumbers=\count306
\lst@framebox=\box65
) (d:/texlive/2023/texmf-dist/tex/latex/listings/listings.cfg
File: listings.cfg 2023/02/27 1.9 listings configuration
))
Package: listings 2023/02/27 1.9 (Carsten Heinz)
 (d:/texlive/2023/texmf-dist/tex/latex/caption/subcaption.sty
Package: subcaption 2023/02/19 v1.6 Sub-captions (AR)
 (d:/texlive/2023/texmf-dist/tex/latex/caption/caption.sty
Package: caption 2023/03/12 v3.6j Customizing captions (AR)
 (d:/texlive/2023/texmf-dist/tex/latex/caption/caption3.sty
Package: caption3 2023/03/12 v2.4 caption3 kernel (AR)
\caption@tempdima=\dimen188
\captionmargin=\dimen189
\caption@leftmargin=\dimen190
\caption@rightmargin=\dimen191
\caption@width=\dimen192
\caption@indent=\dimen193
\caption@parindent=\dimen194
\caption@hangindent=\dimen195
Package caption Info: Standard document class detected.
)
\c@caption@flags=\count307
\c@continuedfloat=\count308
Package caption Info: float package is loaded.
Package caption Info: hyperref package is loaded.
Package caption Info: listings package is loaded.
)
Package caption Info: New subtype `subfigure' on input line 239.
\c@subfigure=\count309
Package caption Info: New subtype `subtable' on input line 239.
\c@subtable=\count310
) (d:/texlive/2023/texmf-dist/tex/latex/enumitem/enumitem.sty
Package: enumitem 2019/06/20 v3.9 Customized lists
\labelindent=\skip90
\enit@outerparindent=\dimen196
\enit@toks=\toks31
\enit@inbox=\box66
\enit@count@id=\count311
\enitdp@description=\count312
) (d:/texlive/2023/texmf-dist/tex/latex/doi/doi.sty
Package: doi 2018/09/09 handle doi numbers
) (d:/texlive/2023/texmf-dist/tex/latex/l3backend/l3backend-pdftex.def
File: l3backend-pdftex.def 2023-01-16 L3 backend support: PDF output (pdfTeX)
\l__color_backend_stack_int=\count313
\l__pdf_internal_box=\box67
) (./template.aux)
\openout1 = `template.aux'.

LaTeX Font Info:    Checking defaults for OML/cmm/m/it on input line 74.
LaTeX Font Info:    ... okay on input line 74.
LaTeX Font Info:    Checking defaults for OMS/cmsy/m/n on input line 74.
LaTeX Font Info:    ... okay on input line 74.
LaTeX Font Info:    Checking defaults for OT1/cmr/m/n on input line 74.
LaTeX Font Info:    ... okay on input line 74.
LaTeX Font Info:    Checking defaults for T1/cmr/m/n on input line 74.
LaTeX Font Info:    ... okay on input line 74.
LaTeX Font Info:    Checking defaults for TS1/cmr/m/n on input line 74.
LaTeX Font Info:    ... okay on input line 74.
LaTeX Font Info:    Checking defaults for OMX/cmex/m/n on input line 74.
LaTeX Font Info:    ... okay on input line 74.
LaTeX Font Info:    Checking defaults for U/cmr/m/n on input line 74.
LaTeX Font Info:    ... okay on input line 74.
LaTeX Font Info:    Checking defaults for PD1/pdf/m/n on input line 74.
LaTeX Font Info:    ... okay on input line 74.
LaTeX Font Info:    Checking defaults for PU/pdf/m/n on input line 74.
LaTeX Font Info:    ... okay on input line 74.

*geometry* driver: auto-detecting
*geometry* detected driver: pdftex
*geometry* verbose mode - [ preamble ] result:
* driver: pdftex
* paper: letterpaper
* layout: <same size as paper>
* layoutoffset:(h,v)=(0.0pt,0.0pt)
* modes: 
* h-part:(L,W,R)=(92.14519pt, 430.00462pt, 92.14519pt)
* v-part:(T,H,B)=(95.39737pt, 556.47656pt, 143.09605pt)
* \paperwidth=614.295pt
* \paperheight=794.96999pt
* \textwidth=430.00462pt
* \textheight=556.47656pt
* \oddsidemargin=19.8752pt
* \evensidemargin=19.8752pt
* \topmargin=-13.87262pt
* \headheight=12.0pt
* \headsep=25.0pt
* \topskip=10.0pt
* \footskip=30.0pt
* \marginparwidth=65.0pt
* \marginparsep=11.0pt
* \columnsep=10.0pt
* \skip\footins=9.0pt plus 4.0pt minus 2.0pt
* \hoffset=0.0pt
* \voffset=0.0pt
* \mag=1000
* \@twocolumnfalse
* \@twosidefalse
* \@mparswitchfalse
* \@reversemarginfalse
* (1in=72.27pt=25.4mm, 1cm=28.453pt)

*geometry* verbose mode - [ newgeometry ] result:
* driver: pdftex
* paper: letterpaper
* layout: <same size as paper>
* layoutoffset:(h,v)=(0.0pt,0.0pt)
* modes: 
* h-part:(L,W,R)=(72.27pt, 469.75499pt, 72.27pt)
* v-part:(T,H,B)=(72.26999pt, 650.43pt, 72.27pt)
* \paperwidth=614.295pt
* \paperheight=794.96999pt
* \textwidth=469.75499pt
* \textheight=650.43pt
* \oddsidemargin=0.00002pt
* \evensidemargin=0.00002pt
* \topmargin=-39.0pt
* \headheight=14.0pt
* \headsep=25.0pt
* \topskip=10.0pt
* \footskip=30.0pt
* \marginparwidth=65.0pt
* \marginparsep=11.0pt
* \columnsep=10.0pt
* \skip\footins=9.0pt plus 4.0pt minus 2.0pt
* \hoffset=0.0pt
* \voffset=0.0pt
* \mag=1000
* \@twocolumnfalse
* \@twosidefalse
* \@mparswitchfalse
* \@reversemarginfalse
* (1in=72.27pt=25.4mm, 1cm=28.453pt)

Package hyperref Info: Link coloring OFF on input line 74.
(./template.out) (./template.out)
\@outlinefile=\write3
\openout3 = `template.out'.

LaTeX Info: Redefining \microtypecontext on input line 74.
Package microtype Info: Applying patch `item' on input line 74.
Package microtype Info: Applying patch `toc' on input line 74.
Package microtype Info: Applying patch `eqnum' on input line 74.
Package microtype Info: Applying patch `footnote' on input line 74.
Package microtype Info: Applying patch `verbatim' on input line 74.
Package microtype Info: Generating PDF output.
Package microtype Info: Character protrusion enabled (level 2).
Package microtype Info: Using default protrusion set `alltext'.
Package microtype Info: Automatic font expansion enabled (level 2),
(microtype)             stretch: 20, shrink: 20, step: 1, non-selected.
Package microtype Info: Using default expansion set `alltext-nott'.
LaTeX Info: Redefining \showhyphens on input line 74.
Package microtype Info: No adjustment of tracking.
Package microtype Info: No adjustment of interword spacing.
Package microtype Info: No adjustment of character kerning.
 (d:/texlive/2023/texmf-dist/tex/latex/microtype/mt-ptm.cfg
File: mt-ptm.cfg 2006/04/20 v1.7 microtype config. file: Times (RS)
) (d:/texlive/2023/texmf-dist/tex/context/base/mkii/supp-pdf.mkii
[Loading MPS to PDF converter (version 2006.09.02).]
\scratchcounter=\count314
\scratchdimen=\dimen197
\scratchbox=\box68
\nofMPsegments=\count315
\nofMParguments=\count316
\everyMPshowfont=\toks32
\MPscratchCnt=\count317
\MPscratchDim=\dimen198
\MPnumerator=\count318
\makeMPintoPDFobject=\count319
\everyMPtoPDFconversion=\toks33
) (d:/texlive/2023/texmf-dist/tex/latex/epstopdf-pkg/epstopdf-base.sty
Package: epstopdf-base 2020-01-24 v2.11 Base part for package epstopdf
Package epstopdf-base Info: Redefining graphics rule for `.eps' on input line 485.
 (d:/texlive/2023/texmf-dist/tex/latex/latexconfig/epstopdf-sys.cfg
File: epstopdf-sys.cfg 2010/07/13 v1.3 Configuration of (r)epstopdf for TeX Live
))
\c@lstlisting=\count320
Package caption Info: Begin \AtBeginDocument code.
Package caption Info: End \AtBeginDocument code.
 (d:/texlive/2023/texmf-dist/tex/latex/microtype/mt-cmr.cfg
File: mt-cmr.cfg 2013/05/19 v2.2 microtype config. file: Computer Modern Roman (RS)
)
LaTeX Font Info:    Trying to load font information for U+msa on input line 76.
 (d:/texlive/2023/texmf-dist/tex/latex/amsfonts/umsa.fd
File: umsa.fd 2013/01/14 v3.01 AMS symbols A
) (d:/texlive/2023/texmf-dist/tex/latex/microtype/mt-msa.cfg
File: mt-msa.cfg 2006/02/04 v1.1 microtype config. file: AMS symbols (a) (RS)
)
LaTeX Font Info:    Trying to load font information for U+msb on input line 76.
 (d:/texlive/2023/texmf-dist/tex/latex/amsfonts/umsb.fd
File: umsb.fd 2013/01/14 v3.01 AMS symbols B
) (d:/texlive/2023/texmf-dist/tex/latex/microtype/mt-msb.cfg
File: mt-msb.cfg 2005/06/01 v1.0 microtype config. file: AMS symbols (b) (RS)
)
<orcid.pdf, id=85, 102.3825pt x 102.3825pt>
File: orcid.pdf Graphic file (type pdf)
<use orcid.pdf>
Package pdftex.def Info: orcid.pdf  used on input line 76.
(pdftex.def)             Requested size: 6.14267pt x 6.14267pt.
LaTeX Font Info:    Trying to load font information for T1+cmtt on input line 76.
 (d:/texlive/2023/texmf-dist/tex/latex/base/t1cmtt.fd
File: t1cmtt.fd 2022/07/10 v2.5l Standard LaTeX font definitions
)
Package microtype Info: Loading generic protrusion settings for font family
(microtype)             `cmtt' (encoding: T1).
(microtype)             For optimal results, create family-specific settings.
(microtype)             See the microtype manual for details.
 [1


{d:/texlive/2023/texmf-var/fonts/map/pdftex/updmap/pdftex.map}{d:/texlive/2023/texmf-dist/fonts/enc/dvips/base/8r.enc}{d:/texlive/2023/texmf-dist/fonts/enc/dvips/cm-super/cm-super-t1.enc} <./orcid.pdf>] [2]
Underfull \hbox (badness 10000) in paragraph at lines 139--142

 []

[3] [4]
<figures/EI.jpg, id=196, 963.6pt x 722.7pt>
File: figures/EI.jpg Graphic file (type jpg)
<use figures/EI.jpg>
Package pdftex.def Info: figures/EI.jpg  used on input line 252.
(pdftex.def)             Requested size: 187.89912pt x 140.92041pt.
<figures/EIM.jpg, id=197, 963.6pt x 722.7pt>
File: figures/EIM.jpg Graphic file (type jpg)
<use figures/EIM.jpg>
Package pdftex.def Info: figures/EIM.jpg  used on input line 257.
(pdftex.def)             Requested size: 187.89912pt x 140.92041pt.
 [5 <./figures/EI.jpg> <./figures/EIM.jpg>] [6]
<pictures/Homo_noise_2D/S/Fn1_S2D_ins.png, id=211, 462.528pt x 346.896pt>
File: pictures/Homo_noise_2D/S/Fn1_S2D_ins.png Graphic file (type png)
<use pictures/Homo_noise_2D/S/Fn1_S2D_ins.png>
Package pdftex.def Info: pictures/Homo_noise_2D/S/Fn1_S2D_ins.png  used on input line 320.
(pdftex.def)             Requested size: 150.32503pt x 112.74515pt.
<pictures/Homo_noise_2D/S/Fn2_S2D_ins.png, id=213, 462.528pt x 346.896pt>
File: pictures/Homo_noise_2D/S/Fn2_S2D_ins.png Graphic file (type png)
<use pictures/Homo_noise_2D/S/Fn2_S2D_ins.png>
Package pdftex.def Info: pictures/Homo_noise_2D/S/Fn2_S2D_ins.png  used on input line 324.
(pdftex.def)             Requested size: 150.32503pt x 112.74515pt.
<pictures/Homo_noise_2D/S/Fn7_S2D_ins.png, id=214, 462.528pt x 346.896pt>
File: pictures/Homo_noise_2D/S/Fn7_S2D_ins.png Graphic file (type png)
<use pictures/Homo_noise_2D/S/Fn7_S2D_ins.png>
Package pdftex.def Info: pictures/Homo_noise_2D/S/Fn7_S2D_ins.png  used on input line 328.
(pdftex.def)             Requested size: 150.32503pt x 112.74515pt.
<pictures/Homo_noise_2D/S/Fn8_S2D_ins.png, id=215, 462.528pt x 346.896pt>
File: pictures/Homo_noise_2D/S/Fn8_S2D_ins.png Graphic file (type png)
<use pictures/Homo_noise_2D/S/Fn8_S2D_ins.png>
Package pdftex.def Info: pictures/Homo_noise_2D/S/Fn8_S2D_ins.png  used on input line 332.
(pdftex.def)             Requested size: 150.32503pt x 112.74515pt.
<pictures/Homo_noise_2D/S/Fn10_S2D_ins.png, id=216, 462.528pt x 346.896pt>
File: pictures/Homo_noise_2D/S/Fn10_S2D_ins.png Graphic file (type png)
<use pictures/Homo_noise_2D/S/Fn10_S2D_ins.png>
Package pdftex.def Info: pictures/Homo_noise_2D/S/Fn10_S2D_ins.png  used on input line 336.
(pdftex.def)             Requested size: 150.32503pt x 112.74515pt.
<pictures/Homo_noise_2D/S/Fn13_S2D_ins.png, id=217, 462.528pt x 346.896pt>
File: pictures/Homo_noise_2D/S/Fn13_S2D_ins.png Graphic file (type png)
<use pictures/Homo_noise_2D/S/Fn13_S2D_ins.png>
Package pdftex.def Info: pictures/Homo_noise_2D/S/Fn13_S2D_ins.png  used on input line 340.
(pdftex.def)             Requested size: 150.32503pt x 112.74515pt.
<pictures/Homo_noise_2D/S/Fn18_S2D_ins.png, id=218, 462.528pt x 346.896pt>
File: pictures/Homo_noise_2D/S/Fn18_S2D_ins.png Graphic file (type png)
<use pictures/Homo_noise_2D/S/Fn18_S2D_ins.png>
Package pdftex.def Info: pictures/Homo_noise_2D/S/Fn18_S2D_ins.png  used on input line 344.
(pdftex.def)             Requested size: 150.32503pt x 112.74515pt.
<pictures/Homo_noise_2D/S/Fn19_S2D_ins.png, id=219, 462.528pt x 346.896pt>
File: pictures/Homo_noise_2D/S/Fn19_S2D_ins.png Graphic file (type png)
<use pictures/Homo_noise_2D/S/Fn19_S2D_ins.png>
Package pdftex.def Info: pictures/Homo_noise_2D/S/Fn19_S2D_ins.png  used on input line 348.
(pdftex.def)             Requested size: 150.32503pt x 112.74515pt.
<pictures/Homo_noise_2D/S/Fn22_S2D_ins.png, id=220, 462.528pt x 346.896pt>
File: pictures/Homo_noise_2D/S/Fn22_S2D_ins.png Graphic file (type png)
<use pictures/Homo_noise_2D/S/Fn22_S2D_ins.png>
Package pdftex.def Info: pictures/Homo_noise_2D/S/Fn22_S2D_ins.png  used on input line 352.
(pdftex.def)             Requested size: 150.32503pt x 112.74515pt.
 [7 <./pictures/Homo_noise_2D/S/Fn1_S2D_ins.png> <./pictures/Homo_noise_2D/S/Fn2_S2D_ins.png> <./pictures/Homo_noise_2D/S/Fn7_S2D_ins.png> <./pictures/Homo_noise_2D/S/Fn8_S2D_ins.png> <./pictures/Homo_noise_2D/S/Fn10_S2D_ins.png> <./pictures/Homo_noise_2D/S/Fn13_S2D_ins.png> <./pictures/Homo_noise_2D/S/Fn18_S2D_ins.png> <./pictures/Homo_noise_2D/S/Fn19_S2D_ins.png> <./pictures/Homo_noise_2D/S/Fn22_S2D_ins.png>]
<pictures/Homo_noise_2D/M/Fn1_M2D_ins.png, id=236, 462.528pt x 346.896pt>
File: pictures/Homo_noise_2D/M/Fn1_M2D_ins.png Graphic file (type png)
<use pictures/Homo_noise_2D/M/Fn1_M2D_ins.png>
Package pdftex.def Info: pictures/Homo_noise_2D/M/Fn1_M2D_ins.png  used on input line 366.
(pdftex.def)             Requested size: 150.32503pt x 112.74515pt.
<pictures/Homo_noise_2D/M/Fn2_M2D_ins.png, id=237, 462.528pt x 346.896pt>
File: pictures/Homo_noise_2D/M/Fn2_M2D_ins.png Graphic file (type png)
<use pictures/Homo_noise_2D/M/Fn2_M2D_ins.png>
Package pdftex.def Info: pictures/Homo_noise_2D/M/Fn2_M2D_ins.png  used on input line 370.
(pdftex.def)             Requested size: 150.32503pt x 112.74515pt.
<pictures/Homo_noise_2D/M/Fn7_M2D_ins.png, id=238, 462.528pt x 346.896pt>
File: pictures/Homo_noise_2D/M/Fn7_M2D_ins.png Graphic file (type png)
<use pictures/Homo_noise_2D/M/Fn7_M2D_ins.png>
Package pdftex.def Info: pictures/Homo_noise_2D/M/Fn7_M2D_ins.png  used on input line 374.
(pdftex.def)             Requested size: 150.32503pt x 112.74515pt.
<pictures/Homo_noise_2D/M/Fn8_M2D_ins.png, id=239, 462.528pt x 346.896pt>
File: pictures/Homo_noise_2D/M/Fn8_M2D_ins.png Graphic file (type png)
<use pictures/Homo_noise_2D/M/Fn8_M2D_ins.png>
Package pdftex.def Info: pictures/Homo_noise_2D/M/Fn8_M2D_ins.png  used on input line 378.
(pdftex.def)             Requested size: 150.32503pt x 112.74515pt.
<pictures/Homo_noise_2D/M/Fn10_M2D_ins.png, id=240, 462.528pt x 346.896pt>
File: pictures/Homo_noise_2D/M/Fn10_M2D_ins.png Graphic file (type png)
<use pictures/Homo_noise_2D/M/Fn10_M2D_ins.png>
Package pdftex.def Info: pictures/Homo_noise_2D/M/Fn10_M2D_ins.png  used on input line 382.
(pdftex.def)             Requested size: 150.32503pt x 112.74515pt.
<pictures/Homo_noise_2D/M/Fn13_M2D_ins.png, id=241, 462.528pt x 346.896pt>
File: pictures/Homo_noise_2D/M/Fn13_M2D_ins.png Graphic file (type png)
<use pictures/Homo_noise_2D/M/Fn13_M2D_ins.png>
Package pdftex.def Info: pictures/Homo_noise_2D/M/Fn13_M2D_ins.png  used on input line 386.
(pdftex.def)             Requested size: 150.32503pt x 112.74515pt.
<pictures/Homo_noise_2D/M/Fn18_M2D_ins.png, id=242, 462.528pt x 346.896pt>
File: pictures/Homo_noise_2D/M/Fn18_M2D_ins.png Graphic file (type png)
<use pictures/Homo_noise_2D/M/Fn18_M2D_ins.png>
Package pdftex.def Info: pictures/Homo_noise_2D/M/Fn18_M2D_ins.png  used on input line 390.
(pdftex.def)             Requested size: 150.32503pt x 112.74515pt.
<pictures/Homo_noise_2D/M/Fn19_M2D_ins.png, id=243, 462.528pt x 346.896pt>
File: pictures/Homo_noise_2D/M/Fn19_M2D_ins.png Graphic file (type png)
<use pictures/Homo_noise_2D/M/Fn19_M2D_ins.png>
Package pdftex.def Info: pictures/Homo_noise_2D/M/Fn19_M2D_ins.png  used on input line 394.
(pdftex.def)             Requested size: 150.32503pt x 112.74515pt.
<pictures/Homo_noise_2D/M/Fn22_M2D_ins.png, id=244, 462.528pt x 346.896pt>
File: pictures/Homo_noise_2D/M/Fn22_M2D_ins.png Graphic file (type png)
<use pictures/Homo_noise_2D/M/Fn22_M2D_ins.png>
Package pdftex.def Info: pictures/Homo_noise_2D/M/Fn22_M2D_ins.png  used on input line 398.
(pdftex.def)             Requested size: 150.32503pt x 112.74515pt.
 [8 <./pictures/Homo_noise_2D/M/Fn1_M2D_ins.png> <./pictures/Homo_noise_2D/M/Fn2_M2D_ins.png> <./pictures/Homo_noise_2D/M/Fn7_M2D_ins.png> <./pictures/Homo_noise_2D/M/Fn8_M2D_ins.png> <./pictures/Homo_noise_2D/M/Fn10_M2D_ins.png> <./pictures/Homo_noise_2D/M/Fn13_M2D_ins.png> <./pictures/Homo_noise_2D/M/Fn18_M2D_ins.png> <./pictures/Homo_noise_2D/M/Fn19_M2D_ins.png> <./pictures/Homo_noise_2D/M/Fn22_M2D_ins.png>]
<pictures/Homo_noise_4D/S/Fn1_S4D_ins.png, id=259, 462.528pt x 346.896pt>
File: pictures/Homo_noise_4D/S/Fn1_S4D_ins.png Graphic file (type png)
<use pictures/Homo_noise_4D/S/Fn1_S4D_ins.png>
Package pdftex.def Info: pictures/Homo_noise_4D/S/Fn1_S4D_ins.png  used on input line 417.
(pdftex.def)             Requested size: 150.32503pt x 112.74515pt.
<pictures/Homo_noise_4D/S/Fn2_S4D_ins.png, id=260, 462.528pt x 346.896pt>
File: pictures/Homo_noise_4D/S/Fn2_S4D_ins.png Graphic file (type png)
<use pictures/Homo_noise_4D/S/Fn2_S4D_ins.png>
Package pdftex.def Info: pictures/Homo_noise_4D/S/Fn2_S4D_ins.png  used on input line 421.
(pdftex.def)             Requested size: 150.32503pt x 112.74515pt.
<pictures/Homo_noise_4D/S/Fn7_S4D_ins.png, id=261, 462.528pt x 346.896pt>
File: pictures/Homo_noise_4D/S/Fn7_S4D_ins.png Graphic file (type png)
<use pictures/Homo_noise_4D/S/Fn7_S4D_ins.png>
Package pdftex.def Info: pictures/Homo_noise_4D/S/Fn7_S4D_ins.png  used on input line 425.
(pdftex.def)             Requested size: 150.32503pt x 112.74515pt.
<pictures/Homo_noise_4D/S/Fn8_S4D_ins.png, id=262, 462.528pt x 346.896pt>
File: pictures/Homo_noise_4D/S/Fn8_S4D_ins.png Graphic file (type png)
<use pictures/Homo_noise_4D/S/Fn8_S4D_ins.png>
Package pdftex.def Info: pictures/Homo_noise_4D/S/Fn8_S4D_ins.png  used on input line 429.
(pdftex.def)             Requested size: 150.32503pt x 112.74515pt.
<pictures/Homo_noise_4D/S/Fn10_S4D_ins.png, id=263, 462.528pt x 346.896pt>
File: pictures/Homo_noise_4D/S/Fn10_S4D_ins.png Graphic file (type png)
<use pictures/Homo_noise_4D/S/Fn10_S4D_ins.png>
Package pdftex.def Info: pictures/Homo_noise_4D/S/Fn10_S4D_ins.png  used on input line 433.
(pdftex.def)             Requested size: 150.32503pt x 112.74515pt.
<pictures/Homo_noise_4D/S/Fn13_S4D_ins.png, id=264, 462.528pt x 346.896pt>
File: pictures/Homo_noise_4D/S/Fn13_S4D_ins.png Graphic file (type png)
<use pictures/Homo_noise_4D/S/Fn13_S4D_ins.png>
Package pdftex.def Info: pictures/Homo_noise_4D/S/Fn13_S4D_ins.png  used on input line 437.
(pdftex.def)             Requested size: 150.32503pt x 112.74515pt.
<pictures/Homo_noise_4D/S/Fn18_S4D_ins.png, id=265, 462.528pt x 346.896pt>
File: pictures/Homo_noise_4D/S/Fn18_S4D_ins.png Graphic file (type png)
<use pictures/Homo_noise_4D/S/Fn18_S4D_ins.png>
Package pdftex.def Info: pictures/Homo_noise_4D/S/Fn18_S4D_ins.png  used on input line 441.
(pdftex.def)             Requested size: 150.32503pt x 112.74515pt.
<pictures/Homo_noise_4D/S/Fn19_S4D_ins.png, id=266, 462.528pt x 346.896pt>
File: pictures/Homo_noise_4D/S/Fn19_S4D_ins.png Graphic file (type png)
<use pictures/Homo_noise_4D/S/Fn19_S4D_ins.png>
Package pdftex.def Info: pictures/Homo_noise_4D/S/Fn19_S4D_ins.png  used on input line 445.
(pdftex.def)             Requested size: 150.32503pt x 112.74515pt.
<pictures/Homo_noise_4D/S/Fn22_S4D_ins.png, id=267, 462.528pt x 346.896pt>
File: pictures/Homo_noise_4D/S/Fn22_S4D_ins.png Graphic file (type png)
<use pictures/Homo_noise_4D/S/Fn22_S4D_ins.png>
Package pdftex.def Info: pictures/Homo_noise_4D/S/Fn22_S4D_ins.png  used on input line 449.
(pdftex.def)             Requested size: 150.32503pt x 112.74515pt.
 [9 <./pictures/Homo_noise_4D/S/Fn1_S4D_ins.png> <./pictures/Homo_noise_4D/S/Fn2_S4D_ins.png> <./pictures/Homo_noise_4D/S/Fn7_S4D_ins.png> <./pictures/Homo_noise_4D/S/Fn8_S4D_ins.png> <./pictures/Homo_noise_4D/S/Fn10_S4D_ins.png> <./pictures/Homo_noise_4D/S/Fn13_S4D_ins.png> <./pictures/Homo_noise_4D/S/Fn18_S4D_ins.png> <./pictures/Homo_noise_4D/S/Fn19_S4D_ins.png> <./pictures/Homo_noise_4D/S/Fn22_S4D_ins.png>] [10] (./template.bbl) [11]
<pictures/Homo_noise_2D/noise2D_L.png, id=314, 1606.0pt x 1204.5pt>
File: pictures/Homo_noise_2D/noise2D_L.png Graphic file (type png)
<use pictures/Homo_noise_2D/noise2D_L.png>
Package pdftex.def Info: pictures/Homo_noise_2D/noise2D_L.png  used on input line 525.
(pdftex.def)             Requested size: 450.96794pt x 338.21342pt.
<pictures/Homo_noise_4D/noise4D_M.png, id=315, 1606.0pt x 1204.5pt>
File: pictures/Homo_noise_4D/noise4D_M.png Graphic file (type png)
<use pictures/Homo_noise_4D/noise4D_M.png>
Package pdftex.def Info: pictures/Homo_noise_4D/noise4D_M.png  used on input line 539.
(pdftex.def)             Requested size: 450.96794pt x 338.21342pt.

Underfull \vbox (badness 10000) has occurred while \output is active []

 [12

 <./pictures/Homo_noise_2D/noise2D_L.png>]
<pictures/Homo_noise_2D_onlyEI/Fn1_M2D_ins.png, id=324, 462.528pt x 346.896pt>
File: pictures/Homo_noise_2D_onlyEI/Fn1_M2D_ins.png Graphic file (type png)
<use pictures/Homo_noise_2D_onlyEI/Fn1_M2D_ins.png>
Package pdftex.def Info: pictures/Homo_noise_2D_onlyEI/Fn1_M2D_ins.png  used on input line 555.
(pdftex.def)             Requested size: 150.32503pt x 112.74515pt.
<pictures/Homo_noise_2D_onlyEI/Fn2_M2D_ins.png, id=325, 462.528pt x 346.896pt>
File: pictures/Homo_noise_2D_onlyEI/Fn2_M2D_ins.png Graphic file (type png)
<use pictures/Homo_noise_2D_onlyEI/Fn2_M2D_ins.png>
Package pdftex.def Info: pictures/Homo_noise_2D_onlyEI/Fn2_M2D_ins.png  used on input line 559.
(pdftex.def)             Requested size: 150.32503pt x 112.74515pt.
<pictures/Homo_noise_2D_onlyEI/Fn7_M2D_ins.png, id=326, 462.528pt x 346.896pt>
File: pictures/Homo_noise_2D_onlyEI/Fn7_M2D_ins.png Graphic file (type png)
<use pictures/Homo_noise_2D_onlyEI/Fn7_M2D_ins.png>
Package pdftex.def Info: pictures/Homo_noise_2D_onlyEI/Fn7_M2D_ins.png  used on input line 563.
(pdftex.def)             Requested size: 150.32503pt x 112.74515pt.
<pictures/Homo_noise_2D_onlyEI/Fn8_M2D_ins.png, id=327, 462.528pt x 346.896pt>
File: pictures/Homo_noise_2D_onlyEI/Fn8_M2D_ins.png Graphic file (type png)
<use pictures/Homo_noise_2D_onlyEI/Fn8_M2D_ins.png>
Package pdftex.def Info: pictures/Homo_noise_2D_onlyEI/Fn8_M2D_ins.png  used on input line 567.
(pdftex.def)             Requested size: 150.32503pt x 112.74515pt.
<pictures/Homo_noise_2D_onlyEI/Fn10_M2D_ins.png, id=328, 462.528pt x 346.896pt>
File: pictures/Homo_noise_2D_onlyEI/Fn10_M2D_ins.png Graphic file (type png)
<use pictures/Homo_noise_2D_onlyEI/Fn10_M2D_ins.png>
Package pdftex.def Info: pictures/Homo_noise_2D_onlyEI/Fn10_M2D_ins.png  used on input line 571.
(pdftex.def)             Requested size: 150.32503pt x 112.74515pt.
<pictures/Homo_noise_2D_onlyEI/Fn13_M2D_ins.png, id=329, 462.528pt x 346.896pt>
File: pictures/Homo_noise_2D_onlyEI/Fn13_M2D_ins.png Graphic file (type png)
<use pictures/Homo_noise_2D_onlyEI/Fn13_M2D_ins.png>
Package pdftex.def Info: pictures/Homo_noise_2D_onlyEI/Fn13_M2D_ins.png  used on input line 575.
(pdftex.def)             Requested size: 150.32503pt x 112.74515pt.
<pictures/Homo_noise_2D_onlyEI/Fn18_M2D_ins.png, id=330, 462.528pt x 346.896pt>
File: pictures/Homo_noise_2D_onlyEI/Fn18_M2D_ins.png Graphic file (type png)
<use pictures/Homo_noise_2D_onlyEI/Fn18_M2D_ins.png>
Package pdftex.def Info: pictures/Homo_noise_2D_onlyEI/Fn18_M2D_ins.png  used on input line 579.
(pdftex.def)             Requested size: 150.32503pt x 112.74515pt.
<pictures/Homo_noise_2D_onlyEI/Fn19_M2D_ins.png, id=331, 462.528pt x 346.896pt>
File: pictures/Homo_noise_2D_onlyEI/Fn19_M2D_ins.png Graphic file (type png)
<use pictures/Homo_noise_2D_onlyEI/Fn19_M2D_ins.png>
Package pdftex.def Info: pictures/Homo_noise_2D_onlyEI/Fn19_M2D_ins.png  used on input line 583.
(pdftex.def)             Requested size: 150.32503pt x 112.74515pt.
<pictures/Homo_noise_2D_onlyEI/Fn22_M2D_ins.png, id=332, 462.528pt x 346.896pt>
File: pictures/Homo_noise_2D_onlyEI/Fn22_M2D_ins.png Graphic file (type png)
<use pictures/Homo_noise_2D_onlyEI/Fn22_M2D_ins.png>
Package pdftex.def Info: pictures/Homo_noise_2D_onlyEI/Fn22_M2D_ins.png  used on input line 587.
(pdftex.def)             Requested size: 150.32503pt x 112.74515pt.

Underfull \vbox (badness 10000) has occurred while \output is active []

 [13 <./pictures/Homo_noise_4D/noise4D_M.png>]
<pictures/Non-homo_noise_2D/Non-homo2D_M.png, id=340, 1606.0pt x 1204.5pt>
File: pictures/Non-homo_noise_2D/Non-homo2D_M.png Graphic file (type png)
<use pictures/Non-homo_noise_2D/Non-homo2D_M.png>
Package pdftex.def Info: pictures/Non-homo_noise_2D/Non-homo2D_M.png  used on input line 607.
(pdftex.def)             Requested size: 450.96794pt x 338.21342pt.

Underfull \vbox (badness 10000) has occurred while \output is active []

 [14 <./pictures/Homo_noise_2D_onlyEI/Fn1_M2D_ins.png> <./pictures/Homo_noise_2D_onlyEI/Fn2_M2D_ins.png> <./pictures/Homo_noise_2D_onlyEI/Fn7_M2D_ins.png> <./pictures/Homo_noise_2D_onlyEI/Fn8_M2D_ins.png> <./pictures/Homo_noise_2D_onlyEI/Fn10_M2D_ins.png> <./pictures/Homo_noise_2D_onlyEI/Fn13_M2D_ins.png> <./pictures/Homo_noise_2D_onlyEI/Fn18_M2D_ins.png> <./pictures/Homo_noise_2D_onlyEI/Fn19_M2D_ins.png> <./pictures/Homo_noise_2D_onlyEI/Fn22_M2D_ins.png>] [15 <./pictures/Non-homo_noise_2D/Non-homo2D_M.png>] (./template.aux)
Package rerunfilecheck Info: File `template.out' has not changed.
(rerunfilecheck)             Checksum: 6415B20959681FB3054CA6983B4D8325;3963.
 ) 
Here is how much of TeX's memory you used:
 17694 strings out of 477932
 290586 string characters out of 5838033
 1884382 words of memory out of 5000000
 37230 multiletter control sequences out of 15000+600000
 579006 words of font info for 261 fonts, out of 8000000 for 9000
 36 hyphenation exceptions out of 8191
 75i,13n,77p,2194b,579s stack positions out of 10000i,1000n,20000p,200000b,200000s
<d:/texlive/2023/texmf-dist/fonts/type1/public/amsfonts/cm/cmex10.pfb><d:/texlive/2023/texmf-dist/fonts/type1/public/amsfonts/cm/cmmi10.pfb><d:/texlive/2023/texmf-dist/fonts/type1/public/amsfonts/cm/cmmi7.pfb><d:/texlive/2023/texmf-dist/fonts/type1/public/amsfonts/cm/cmr10.pfb><d:/texlive/2023/texmf-dist/fonts/type1/public/amsfonts/cm/cmr5.pfb><d:/texlive/2023/texmf-dist/fonts/type1/public/amsfonts/cm/cmr7.pfb><d:/texlive/2023/texmf-dist/fonts/type1/public/amsfonts/cm/cmsy10.pfb><d:/texlive/2023/texmf-dist/fonts/type1/public/amsfonts/cm/cmsy5.pfb><d:/texlive/2023/texmf-dist/fonts/type1/public/amsfonts/cm/cmsy7.pfb><d:/texlive/2023/texmf-dist/fonts/type1/public/amsfonts/symbols/msbm10.pfb><d:/texlive/2023/texmf-dist/fonts/type1/public/cm-super/sftt1000.pfb><d:/texlive/2023/texmf-dist/fonts/type1/urw/times/utmb8a.pfb><d:/texlive/2023/texmf-dist/fonts/type1/urw/times/utmbi8a.pfb><d:/texlive/2023/texmf-dist/fonts/type1/urw/times/utmr8a.pfb><d:/texlive/2023/texmf-dist/fonts/type1/urw/times/utmri8a.pfb>
Output written on template.pdf (15 pages, 3766113 bytes).
PDF statistics:
 449 PDF objects out of 1000 (max. 8388607)
 316 compressed objects within 4 object streams
 85 named destinations out of 1000 (max. 500000)
 59763 words of extra memory for PDF output out of 61914 (max. 10000000)

